
2024-10-25 10:43:38,928 - INFO - Logging configured for development environment.
2024-10-25 10:43:38,928 - INFO - CalculatorApp initialized in development environment.
2024-10-25 10:43:38,928 - INFO - Interactive calculator started.
2024-10-25 10:43:46,313 - DEBUG - Executing AddCommand: 2 + 1 = 3
2024-10-25 10:43:46,314 - DEBUG - Executing AddCommand: 2 + 1 = 3
2024-10-25 10:43:46,314 - DEBUG - Adding calculation to history: Add 2 and 1 = 3
2024-10-25 10:43:46,314 - DEBUG - Executing AddCommand: 2 + 1 = 3
2024-10-25 10:43:46,314 - INFO - Calculation add with values 2, 1 added to history.
2024-10-25 10:43:50,772 - DEBUG - Executing DivideCommand with strategy default_division: 1 / 2 = 0.5
2024-10-25 10:43:50,772 - DEBUG - Executing DivideCommand with strategy default_division: 1 / 2 = 0.5
2024-10-25 10:43:50,772 - DEBUG - Adding calculation to history: Divide 1 by 2 = 0.5
2024-10-25 10:43:50,772 - DEBUG - Executing DivideCommand with strategy default_division: 1 / 2 = 0.5
2024-10-25 10:43:50,772 - INFO - Calculation divide with values 1, 2 added to history.
2024-10-25 10:43:56,317 - DEBUG - Executing MultiplyCommand: 2 * 1 = 2
2024-10-25 10:43:56,318 - DEBUG - Executing MultiplyCommand: 2 * 1 = 2
2024-10-25 10:43:56,318 - DEBUG - Adding calculation to history: Multiply 2 and 1 = 2
2024-10-25 10:43:56,318 - DEBUG - Executing MultiplyCommand: 2 * 1 = 2
2024-10-25 10:43:56,319 - INFO - Calculation multiply with values 2, 1 added to history.
2024-10-25 10:44:01,896 - DEBUG - Executing SubtractCommand: 2 - 1 = 1
2024-10-25 10:44:01,897 - DEBUG - Executing SubtractCommand: 2 - 1 = 1
2024-10-25 10:44:01,897 - DEBUG - Adding calculation to history: Subtract 2 and 1 = 1
2024-10-25 10:44:01,897 - DEBUG - Executing SubtractCommand: 2 - 1 = 1
2024-10-25 10:44:01,897 - INFO - Calculation subtract with values 2, 1 added to history.
2024-10-25 10:44:07,111 - DEBUG - Executing AddCommand: 2 + 1 = 3
2024-10-25 10:44:07,111 - DEBUG - Executing DivideCommand with strategy default_division: 1 / 2 = 0.5
2024-10-25 10:44:07,112 - DEBUG - Executing MultiplyCommand: 2 * 1 = 2
2024-10-25 10:44:07,112 - DEBUG - Executing SubtractCommand: 2 - 1 = 1
2024-10-25 10:44:07,139 - INFO - Calculation history saved to data/calculation_history.csv
2024-10-25 10:44:07,143 - INFO - Calculation history saved to file.
2024-10-25 10:44:17,879 - INFO - Retrieving the entire calculation history.
2024-10-25 10:44:17,880 - DEBUG - Executing AddCommand: 2 + 1 = 3
2024-10-25 10:44:17,880 - DEBUG - Executing DivideCommand with strategy default_division: 1 / 2 = 0.5
2024-10-25 10:44:17,881 - DEBUG - Executing MultiplyCommand: 2 * 1 = 2
2024-10-25 10:44:17,881 - DEBUG - Executing SubtractCommand: 2 - 1 = 1
2024-10-25 10:44:17,881 - INFO - Displayed calculation history.
2024-10-25 10:44:27,720 - INFO - Clearing the calculation history.
2024-10-25 10:44:27,721 - INFO - Calculation history cleared.
2024-10-25 10:44:34,189 - INFO - Loaded data from CSV:       operation  result
0       2 add 1     3.0
1    1 divide 2     0.5
2  2 multiply 1     2.0
3  2 subtract 1     1.0
2024-10-25 10:44:34,198 - INFO - Calculation history loaded from data/calculation_history.csv
2024-10-25 10:44:34,198 - INFO - Calculation history loaded from file.
2024-10-25 10:44:38,648 - INFO - Retrieving the entire calculation history.
2024-10-25 10:44:38,649 - DEBUG - Executing AddCommand: 2 + 1 = 3
2024-10-25 10:44:38,649 - DEBUG - Executing DivideCommand with strategy default_division: 1 / 2 = 0.5
2024-10-25 10:44:38,649 - DEBUG - Executing MultiplyCommand: 2 * 1 = 2
2024-10-25 10:44:38,649 - DEBUG - Executing SubtractCommand: 2 - 1 = 1
2024-10-25 10:44:38,649 - INFO - Displayed calculation history.
2024-10-25 10:45:30,274 - INFO - Calculator session ended by user.
2024-10-25 10:45:52,821 - INFO - Logging configured for development environment.
2024-10-25 10:45:52,821 - INFO - CalculatorApp initialized in development environment.
2024-10-25 10:45:52,821 - INFO - Interactive calculator started.
2024-10-25 10:45:58,865 - DEBUG - Executing AddCommand: 3 + 1 = 4
2024-10-25 10:45:58,866 - DEBUG - Executing AddCommand: 3 + 1 = 4
2024-10-25 10:45:58,866 - DEBUG - Adding calculation to history: Add 3 and 1 = 4
2024-10-25 10:45:58,866 - DEBUG - Executing AddCommand: 3 + 1 = 4
2024-10-25 10:45:58,866 - INFO - Calculation add with values 3, 1 added to history.
2024-10-25 10:46:02,958 - DEBUG - Executing DivideCommand with strategy default_division: 1 / 3 = 0.3333333333333333333333333333
2024-10-25 10:46:02,959 - DEBUG - Executing DivideCommand with strategy default_division: 1 / 3 = 0.3333333333333333333333333333
2024-10-25 10:46:02,959 - DEBUG - Adding calculation to history: Divide 1 by 3 = 0.3333333333333333333333333333
2024-10-25 10:46:02,959 - DEBUG - Executing DivideCommand with strategy default_division: 1 / 3 = 0.3333333333333333333333333333
2024-10-25 10:46:02,959 - INFO - Calculation divide with values 1, 3 added to history.
2024-10-25 10:46:07,424 - DEBUG - Executing AddCommand: 3 + 1 = 4
2024-10-25 10:46:07,424 - DEBUG - Executing DivideCommand with strategy default_division: 1 / 3 = 0.3333333333333333333333333333
2024-10-25 10:46:07,427 - INFO - Calculation history saved to data/calculation_history.csv
2024-10-25 10:46:07,427 - INFO - Calculation history saved to file.
2024-10-25 10:46:22,378 - ERROR - Attempted to divide by zero: 3 / 0
2024-10-25 10:46:22,379 - ERROR - ValueError occurred in operation divide with values 3, 0: Cannot divide by zero.
2024-10-25 10:46:26,877 - WARNING - Invalid input received: unkhown
2024-10-25 10:46:41,977 - INFO - Calculator session ended by user.
2024-10-25 10:46:44,856 - INFO - Logging configured for development environment.
2024-10-25 10:46:44,856 - INFO - CalculatorApp initialized in development environment.
2024-10-25 10:46:44,856 - DEBUG - Executing AddCommand: 5 + 3 = 8
2024-10-25 10:46:44,856 - DEBUG - Executing AddCommand: 5 + 3 = 8
2024-10-25 10:46:44,856 - DEBUG - Adding calculation to history: Add 5 and 3 = 8
2024-10-25 10:46:44,856 - DEBUG - Executing AddCommand: 5 + 3 = 8
2024-10-25 10:46:44,856 - INFO - Calculation add with values 5, 3 added to history.
2024-10-25 10:46:44,857 - INFO - Logging configured for development environment.
2024-10-25 10:46:44,857 - INFO - CalculatorApp initialized in development environment.
2024-10-25 10:46:44,857 - DEBUG - Executing SubtractCommand: 10 - 2 = 8
2024-10-25 10:46:44,857 - DEBUG - Executing SubtractCommand: 10 - 2 = 8
2024-10-25 10:46:44,857 - DEBUG - Adding calculation to history: Subtract 10 and 2 = 8
2024-10-25 10:46:44,857 - DEBUG - Executing SubtractCommand: 10 - 2 = 8
2024-10-25 10:46:44,857 - INFO - Calculation subtract with values 10, 2 added to history.
2024-10-25 10:46:44,858 - INFO - Logging configured for development environment.
2024-10-25 10:46:44,858 - INFO - CalculatorApp initialized in development environment.
2024-10-25 10:46:44,858 - DEBUG - Executing MultiplyCommand: 4 * 5 = 20
2024-10-25 10:46:44,858 - DEBUG - Executing MultiplyCommand: 4 * 5 = 20
2024-10-25 10:46:44,858 - DEBUG - Adding calculation to history: Multiply 4 and 5 = 20
2024-10-25 10:46:44,858 - DEBUG - Executing MultiplyCommand: 4 * 5 = 20
2024-10-25 10:46:44,858 - INFO - Calculation multiply with values 4, 5 added to history.
2024-10-25 10:46:44,859 - INFO - Logging configured for development environment.
2024-10-25 10:46:44,859 - INFO - CalculatorApp initialized in development environment.
2024-10-25 10:46:44,859 - DEBUG - Executing DivideCommand with strategy default_division: 20 / 4 = 5
2024-10-25 10:46:44,859 - DEBUG - Executing DivideCommand with strategy default_division: 20 / 4 = 5
2024-10-25 10:46:44,859 - DEBUG - Adding calculation to history: Divide 20 by 4 = 5
2024-10-25 10:46:44,859 - DEBUG - Executing DivideCommand with strategy default_division: 20 / 4 = 5
2024-10-25 10:46:44,859 - INFO - Calculation divide with values 20, 4 added to history.
2024-10-25 10:46:44,859 - INFO - Logging configured for development environment.
2024-10-25 10:46:44,859 - INFO - CalculatorApp initialized in development environment.
2024-10-25 10:46:44,859 - DEBUG - Executing DivideCommand with strategy default_division: 1 / 1 = 1
2024-10-25 10:46:44,859 - DEBUG - Executing DivideCommand with strategy default_division: 1 / 1 = 1
2024-10-25 10:46:44,859 - DEBUG - Adding calculation to history: Divide 1 by 1 = 1
2024-10-25 10:46:44,859 - DEBUG - Executing DivideCommand with strategy default_division: 1 / 1 = 1
2024-10-25 10:46:44,860 - INFO - Calculation divide with values 1, 1 added to history.
2024-10-25 10:46:44,860 - INFO - Logging configured for development environment.
2024-10-25 10:46:44,860 - INFO - CalculatorApp initialized in development environment.
2024-10-25 10:46:44,860 - ERROR - Attempted to divide by zero: 1 / 0
2024-10-25 10:46:44,860 - ERROR - ValueError occurred in operation divide with values 1, 0: Cannot divide by zero.
2024-10-25 10:46:44,861 - INFO - Logging configured for development environment.
2024-10-25 10:46:44,861 - INFO - CalculatorApp initialized in development environment.
2024-10-25 10:46:44,861 - WARNING - Unknown operation requested: unknown
2024-10-25 10:46:44,861 - INFO - Logging configured for development environment.
2024-10-25 10:46:44,861 - INFO - CalculatorApp initialized in development environment.
2024-10-25 10:46:44,861 - ERROR - Invalid input detected for operation add: a, 3
2024-10-25 10:46:44,862 - INFO - Logging configured for development environment.
2024-10-25 10:46:44,862 - INFO - CalculatorApp initialized in development environment.
2024-10-25 10:46:44,862 - ERROR - Invalid input detected for operation subtract: 5, b
2024-10-25 11:11:50,817 - INFO - Logging configured for development environment.
2024-10-25 11:11:50,817 - INFO - CalculatorApp initialized in development environment.
2024-10-25 11:11:50,817 - INFO - Interactive calculator started.
2024-10-25 11:12:03,868 - DEBUG - Executing AddCommand: 8 + 2 = 10
2024-10-25 11:12:03,869 - DEBUG - Executing AddCommand: 8 + 2 = 10
2024-10-25 11:12:03,869 - DEBUG - Adding calculation to history: Add 8 and 2 = 10
2024-10-25 11:12:03,869 - DEBUG - Executing AddCommand: 8 + 2 = 10
2024-10-25 11:12:03,869 - INFO - Calculation add with values 8, 2 added to history.
2024-10-25 11:12:09,563 - DEBUG - Executing DivideCommand with strategy default_division: 8 / 3 = 2.666666666666666666666666667
2024-10-25 11:12:09,563 - DEBUG - Executing DivideCommand with strategy default_division: 8 / 3 = 2.666666666666666666666666667
2024-10-25 11:12:09,563 - DEBUG - Adding calculation to history: Divide 8 by 3 = 2.666666666666666666666666667
2024-10-25 11:12:09,563 - DEBUG - Executing DivideCommand with strategy default_division: 8 / 3 = 2.666666666666666666666666667
2024-10-25 11:12:09,564 - INFO - Calculation divide with values 8, 3 added to history.
2024-10-25 11:12:17,497 - DEBUG - Executing MultiplyCommand: 8 * 3 = 24
2024-10-25 11:12:17,498 - DEBUG - Executing MultiplyCommand: 8 * 3 = 24
2024-10-25 11:12:17,498 - DEBUG - Adding calculation to history: Multiply 8 and 3 = 24
2024-10-25 11:12:17,498 - DEBUG - Executing MultiplyCommand: 8 * 3 = 24
2024-10-25 11:12:17,499 - INFO - Calculation multiply with values 8, 3 added to history.
2024-10-25 11:12:25,693 - DEBUG - Executing SubtractCommand: 8 - 3 = 5
2024-10-25 11:12:25,694 - DEBUG - Executing SubtractCommand: 8 - 3 = 5
2024-10-25 11:12:25,694 - DEBUG - Adding calculation to history: Subtract 8 and 3 = 5
2024-10-25 11:12:25,695 - DEBUG - Executing SubtractCommand: 8 - 3 = 5
2024-10-25 11:12:25,695 - INFO - Calculation subtract with values 8, 3 added to history.
2024-10-25 11:12:31,123 - DEBUG - Executing AddCommand: 12 + 12 = 24
2024-10-25 11:12:31,123 - DEBUG - Executing AddCommand: 12 + 12 = 24
2024-10-25 11:12:31,123 - DEBUG - Adding calculation to history: Add 12 and 12 = 24
2024-10-25 11:12:31,123 - DEBUG - Executing AddCommand: 12 + 12 = 24
2024-10-25 11:12:31,123 - INFO - Calculation add with values 12, 12 added to history.
2024-10-25 11:12:36,054 - DEBUG - Executing DivideCommand with strategy default_division: 12 / 4 = 3
2024-10-25 11:12:36,055 - DEBUG - Executing DivideCommand with strategy default_division: 12 / 4 = 3
2024-10-25 11:12:36,055 - DEBUG - Adding calculation to history: Divide 12 by 4 = 3
2024-10-25 11:12:36,055 - DEBUG - Executing DivideCommand with strategy default_division: 12 / 4 = 3
2024-10-25 11:12:36,055 - INFO - Calculation divide with values 12, 4 added to history.
2024-10-25 11:12:42,359 - DEBUG - Executing SubtractCommand: 12 - 5 = 7
2024-10-25 11:12:42,360 - DEBUG - Executing SubtractCommand: 12 - 5 = 7
2024-10-25 11:12:42,360 - DEBUG - Adding calculation to history: Subtract 12 and 5 = 7
2024-10-25 11:12:42,361 - DEBUG - Executing SubtractCommand: 12 - 5 = 7
2024-10-25 11:12:42,361 - INFO - Calculation subtract with values 12, 5 added to history.
2024-10-25 11:12:51,235 - DEBUG - Executing AddCommand: 16 + 4 = 20
2024-10-25 11:12:51,235 - DEBUG - Executing AddCommand: 16 + 4 = 20
2024-10-25 11:12:51,235 - DEBUG - Adding calculation to history: Add 16 and 4 = 20
2024-10-25 11:12:51,235 - DEBUG - Executing AddCommand: 16 + 4 = 20
2024-10-25 11:12:51,235 - INFO - Calculation add with values 16, 4 added to history.
2024-10-25 11:12:58,575 - DEBUG - Executing DivideCommand with strategy default_division: 16 / 8 = 2
2024-10-25 11:12:58,575 - DEBUG - Executing DivideCommand with strategy default_division: 16 / 8 = 2
2024-10-25 11:12:58,575 - DEBUG - Adding calculation to history: Divide 16 by 8 = 2
2024-10-25 11:12:58,575 - DEBUG - Executing DivideCommand with strategy default_division: 16 / 8 = 2
2024-10-25 11:12:58,575 - INFO - Calculation divide with values 16, 8 added to history.
2024-10-25 11:13:04,976 - DEBUG - Executing SubtractCommand: 16 - 7 = 9
2024-10-25 11:13:04,977 - DEBUG - Executing SubtractCommand: 16 - 7 = 9
2024-10-25 11:13:04,977 - DEBUG - Adding calculation to history: Subtract 16 and 7 = 9
2024-10-25 11:13:04,977 - DEBUG - Executing SubtractCommand: 16 - 7 = 9
2024-10-25 11:13:04,977 - INFO - Calculation subtract with values 16, 7 added to history.
2024-10-25 11:13:10,815 - DEBUG - Executing AddCommand: 20 + 2 = 22
2024-10-25 11:13:10,816 - DEBUG - Executing AddCommand: 20 + 2 = 22
2024-10-25 11:13:10,816 - DEBUG - Adding calculation to history: Add 20 and 2 = 22
2024-10-25 11:13:10,816 - DEBUG - Executing AddCommand: 20 + 2 = 22
2024-10-25 11:13:10,816 - INFO - Calculation add with values 20, 2 added to history.
2024-10-25 11:13:15,906 - DEBUG - Executing DivideCommand with strategy default_division: 20 / 10 = 2
2024-10-25 11:13:15,906 - DEBUG - Executing DivideCommand with strategy default_division: 20 / 10 = 2
2024-10-25 11:13:15,906 - DEBUG - Adding calculation to history: Divide 20 by 10 = 2
2024-10-25 11:13:15,906 - DEBUG - Executing DivideCommand with strategy default_division: 20 / 10 = 2
2024-10-25 11:13:15,906 - INFO - Calculation divide with values 20, 10 added to history.
2024-10-25 11:13:24,033 - DEBUG - Executing MultiplyCommand: 20 * 2 = 40
2024-10-25 11:13:24,033 - DEBUG - Executing MultiplyCommand: 20 * 2 = 40
2024-10-25 11:13:24,033 - DEBUG - Adding calculation to history: Multiply 20 and 2 = 40
2024-10-25 11:13:24,034 - DEBUG - Executing MultiplyCommand: 20 * 2 = 40
2024-10-25 11:13:24,034 - INFO - Calculation multiply with values 20, 2 added to history.
2024-10-25 11:13:33,751 - DEBUG - Executing SubtractCommand: 20 - 7 = 13
2024-10-25 11:13:33,752 - DEBUG - Executing SubtractCommand: 20 - 7 = 13
2024-10-25 11:13:33,752 - DEBUG - Adding calculation to history: Subtract 20 and 7 = 13
2024-10-25 11:13:33,752 - DEBUG - Executing SubtractCommand: 20 - 7 = 13
2024-10-25 11:13:33,752 - INFO - Calculation subtract with values 20, 7 added to history.
2024-10-25 11:13:42,890 - DEBUG - Executing AddCommand: 8 + 2 = 10
2024-10-25 11:13:42,891 - DEBUG - Executing DivideCommand with strategy default_division: 8 / 3 = 2.666666666666666666666666667
2024-10-25 11:13:42,891 - DEBUG - Executing MultiplyCommand: 8 * 3 = 24
2024-10-25 11:13:42,891 - DEBUG - Executing SubtractCommand: 8 - 3 = 5
2024-10-25 11:13:42,891 - DEBUG - Executing AddCommand: 12 + 12 = 24
2024-10-25 11:13:42,891 - DEBUG - Executing DivideCommand with strategy default_division: 12 / 4 = 3
2024-10-25 11:13:42,891 - DEBUG - Executing SubtractCommand: 12 - 5 = 7
2024-10-25 11:13:42,891 - DEBUG - Executing AddCommand: 16 + 4 = 20
2024-10-25 11:13:42,891 - DEBUG - Executing DivideCommand with strategy default_division: 16 / 8 = 2
2024-10-25 11:13:42,891 - DEBUG - Executing SubtractCommand: 16 - 7 = 9
2024-10-25 11:13:42,891 - DEBUG - Executing AddCommand: 20 + 2 = 22
2024-10-25 11:13:42,891 - DEBUG - Executing DivideCommand with strategy default_division: 20 / 10 = 2
2024-10-25 11:13:42,891 - DEBUG - Executing MultiplyCommand: 20 * 2 = 40
2024-10-25 11:13:42,891 - DEBUG - Executing SubtractCommand: 20 - 7 = 13
2024-10-25 11:13:42,903 - INFO - Calculation history saved to data/calculation_history.csv
2024-10-25 11:13:42,903 - INFO - Calculation history saved to file.
2024-10-25 11:14:02,725 - INFO - Calculator session ended by user.
